  parking_master.cpp
C:\Users\ASUS\source\repos\CG_PROJECT\CG_project\parking_master.cpp(809,38): warning C4244: '=': 'double'에서 'float'(으)로 변환하면서 데이터가 손실될 수 있습니다.
C:\Users\ASUS\source\repos\CG_PROJECT\CG_project\parking_master.cpp(812,38): warning C4244: '=': 'double'에서 'float'(으)로 변환하면서 데이터가 손실될 수 있습니다.
C:\Users\ASUS\source\repos\CG_PROJECT\CG_project\parking_master.cpp(1337,22): warning C4244: '초기화 중': 'double'에서 'float'(으)로 변환하면서 데이터가 손실될 수 있습니다.
C:\Users\ASUS\source\repos\CG_PROJECT\CG_project\parking_master.cpp(1829,6): warning C4305: '초기화 중': 'double'에서 'GLfloat'(으)로 잘립니다.
C:\Users\ASUS\source\repos\CG_PROJECT\CG_project\parking_master.cpp(1829,31): warning C4305: '초기화 중': 'double'에서 'GLfloat'(으)로 잘립니다.
C:\Users\ASUS\source\repos\CG_PROJECT\CG_project\parking_master.cpp(1830,6): warning C4305: '초기화 중': 'double'에서 'GLfloat'(으)로 잘립니다.
C:\Users\ASUS\source\repos\CG_PROJECT\CG_project\parking_master.cpp(1830,31): warning C4305: '초기화 중': 'double'에서 'GLfloat'(으)로 잘립니다.
C:\Users\ASUS\source\repos\CG_PROJECT\CG_project\parking_master.cpp(1831,6): warning C4305: '초기화 중': 'double'에서 'GLfloat'(으)로 잘립니다.
C:\Users\ASUS\source\repos\CG_PROJECT\CG_project\parking_master.cpp(1831,34): warning C4305: '초기화 중': 'double'에서 'GLfloat'(으)로 잘립니다.
C:\Users\ASUS\source\repos\CG_PROJECT\CG_project\parking_master.cpp(1832,6): warning C4305: '초기화 중': 'double'에서 'GLfloat'(으)로 잘립니다.
C:\Users\ASUS\source\repos\CG_PROJECT\CG_project\parking_master.cpp(1832,34): warning C4305: '초기화 중': 'double'에서 'GLfloat'(으)로 잘립니다.
C:\Users\ASUS\source\repos\CG_PROJECT\CG_project\parking_master.cpp(1833,6): warning C4305: '초기화 중': 'double'에서 'GLfloat'(으)로 잘립니다.
C:\Users\ASUS\source\repos\CG_PROJECT\CG_project\parking_master.cpp(1833,31): warning C4305: '초기화 중': 'double'에서 'GLfloat'(으)로 잘립니다.
C:\Users\ASUS\source\repos\CG_PROJECT\CG_project\parking_master.cpp(1834,6): warning C4305: '초기화 중': 'double'에서 'GLfloat'(으)로 잘립니다.
C:\Users\ASUS\source\repos\CG_PROJECT\CG_project\parking_master.cpp(1834,31): warning C4305: '초기화 중': 'double'에서 'GLfloat'(으)로 잘립니다.
C:\Users\ASUS\source\repos\CG_PROJECT\CG_project\parking_master.cpp(1835,6): warning C4305: '초기화 중': 'double'에서 'GLfloat'(으)로 잘립니다.
C:\Users\ASUS\source\repos\CG_PROJECT\CG_project\parking_master.cpp(1835,34): warning C4305: '초기화 중': 'double'에서 'GLfloat'(으)로 잘립니다.
C:\Users\ASUS\source\repos\CG_PROJECT\CG_project\parking_master.cpp(1836,6): warning C4305: '초기화 중': 'double'에서 'GLfloat'(으)로 잘립니다.
C:\Users\ASUS\source\repos\CG_PROJECT\CG_project\parking_master.cpp(1836,34): warning C4305: '초기화 중': 'double'에서 'GLfloat'(으)로 잘립니다.
  CG_project.vcxproj -> C:\Users\ASUS\source\repos\CG_PROJECT\CG_project\x64\Debug\CG_project.exe
